# JRE version: OpenJDK Runtime Environment (Zulu11.37+17-CA) (11.0.6+10) (build 11.0.6+10-LTS)
# Java VM: OpenJDK 64-Bit Server VM (11.0.6+10-LTS, mixed mode, tiered, compressed oops, g1 gc, bsd-amd64)
Heap:
 garbage-first heap   total 146432K, used 94552K [0x0000000780000000, 0x0000000800000000)
  region size 1024K, 50 young (51200K), 1 survivors (1024K)
 Metaspace       used 16014K, capacity 16420K, committed 16896K, reserved 1064960K
  class space    used 1768K, capacity 1935K, committed 2048K, reserved 1048576K
GC Heap History (20 events):
Event: 6286.486 GC heap before
{Heap before GC invocations=316 (full 3):
 garbage-first heap   total 146432K, used 127313K [0x0000000780000000, 0x0000000800000000)
  region size 1024K, 81 young (82944K), 1 survivors (1024K)
 Metaspace       used 16014K, capacity 16420K, committed 16896K, reserved 1064960K
  class space    used 1768K, capacity 1935K, committed 2048K, reserved 1048576K
}
Event: 6286.486 GC heap after
{Heap after GC invocations=317 (full 3):
 garbage-first heap   total 146432K, used 45395K [0x0000000780000000, 0x0000000800000000)
  region size 1024K, 1 young (1024K), 1 survivors (1024K)
 Metaspace       used 16014K, capacity 16420K, committed 16896K, reserved 1064960K
  class space    used 1768K, capacity 1935K, committed 2048K, reserved 1048576K
}
Event: 6286.687 GC heap before
{Heap before GC invocations=317 (full 3):
 garbage-first heap   total 146432K, used 127315K [0x0000000780000000, 0x0000000800000000)
  region size 1024K, 81 young (82944K), 1 survivors (1024K)
 Metaspace       used 16014K, capacity 16420K, committed 16896K, reserved 1064960K
  class space    used 1768K, capacity 1935K, committed 2048K, reserved 1048576K
}
Event: 6286.688 GC heap after
{Heap after GC invocations=318 (full 3):
 garbage-first heap   total 146432K, used 45393K [0x0000000780000000, 0x0000000800000000)
  region size 1024K, 1 young (1024K), 1 survivors (1024K)
 Metaspace       used 16014K, capacity 16420K, committed 16896K, reserved 1064960K
  class space    used 1768K, capacity 1935K, committed 2048K, reserved 1048576K
}
Event: 6288.927 GC heap before
{Heap before GC invocations=318 (full 3):
 garbage-first heap   total 146432K, used 132433K [0x0000000780000000, 0x0000000800000000)
  region size 1024K, 81 young (82944K), 1 survivors (1024K)
 Metaspace       used 16014K, capacity 16420K, committed 16896K, reserved 1064960K
  class space    used 1768K, capacity 1935K, committed 2048K, reserved 1048576K
}
Event: 6288.928 GC heap after
{Heap after GC invocations=319 (full 3):
 garbage-first heap   total 146432K, used 45395K [0x0000000780000000, 0x0000000800000000)
  region size 1024K, 1 young (1024K), 1 survivors (1024K)
 Metaspace       used 16014K, capacity 16420K, committed 16896K, reserved 1064960K
  class space    used 1768K, capacity 1935K, committed 2048K, reserved 1048576K
}
Event: 6289.161 GC heap before
{Heap before GC invocations=319 (full 3):
 garbage-first heap   total 146432K, used 127315K [0x0000000780000000, 0x0000000800000000)
  region size 1024K, 81 young (82944K), 1 survivors (1024K)
 Metaspace       used 16014K, capacity 16420K, committed 16896K, reserved 1064960K
  class space    used 1768K, capacity 1935K, committed 2048K, reserved 1048576K
}
Event: 6289.161 GC heap after
{Heap after GC invocations=320 (full 3):
 garbage-first heap   total 146432K, used 45395K [0x0000000780000000, 0x0000000800000000)
  region size 1024K, 1 young (1024K), 1 survivors (1024K)
 Metaspace       used 16014K, capacity 16420K, committed 16896K, reserved 1064960K
  class space    used 1768K, capacity 1935K, committed 2048K, reserved 1048576K
}
Event: 6289.348 GC heap before
{Heap before GC invocations=320 (full 3):
 garbage-first heap   total 146432K, used 127315K [0x0000000780000000, 0x0000000800000000)
  region size 1024K, 81 young (82944K), 1 survivors (1024K)
 Metaspace       used 16014K, capacity 16420K, committed 16896K, reserved 1064960K
  class space    used 1768K, capacity 1935K, committed 2048K, reserved 1048576K
}
Event: 6289.349 GC heap after
{Heap after GC invocations=321 (full 3):
 garbage-first heap   total 146432K, used 45395K [0x0000000780000000, 0x0000000800000000)
  region size 1024K, 1 young (1024K), 1 survivors (1024K)
 Metaspace       used 16014K, capacity 16420K, committed 16896K, reserved 1064960K
  class space    used 1768K, capacity 1935K, committed 2048K, reserved 1048576K
}
Event: 6289.531 GC heap before
{Heap before GC invocations=321 (full 3):
 garbage-first heap   total 146432K, used 127315K [0x0000000780000000, 0x0000000800000000)
  region size 1024K, 81 young (82944K), 1 survivors (1024K)
 Metaspace       used 16014K, capacity 16420K, committed 16896K, reserved 1064960K
  class space    used 1768K, capacity 1935K, committed 2048K, reserved 1048576K
}
Event: 6289.531 GC heap after
{Heap after GC invocations=322 (full 3):
 garbage-first heap   total 146432K, used 45395K [0x0000000780000000, 0x0000000800000000)
  region size 1024K, 1 young (1024K), 1 survivors (1024K)
 Metaspace       used 16014K, capacity 16420K, committed 16896K, reserved 1064960K
  class space    used 1768K, capacity 1935K, committed 2048K, reserved 1048576K
}
Event: 6289.714 GC heap before
{Heap before GC invocations=322 (full 3):
 garbage-first heap   total 146432K, used 127315K [0x0000000780000000, 0x0000000800000000)
  region size 1024K, 81 young (82944K), 1 survivors (1024K)
 Metaspace       used 16014K, capacity 16420K, committed 16896K, reserved 1064960K
  class space    used 1768K, capacity 1935K, committed 2048K, reserved 1048576K
}
Event: 6289.715 GC heap after
{Heap after GC invocations=323 (full 3):
 garbage-first heap   total 146432K, used 45400K [0x0000000780000000, 0x0000000800000000)
  region size 1024K, 1 young (1024K), 1 survivors (1024K)
 Metaspace       used 16014K, capacity 16420K, committed 16896K, reserved 1064960K
  class space    used 1768K, capacity 1935K, committed 2048K, reserved 1048576K
}
Event: 6289.909 GC heap before
{Heap before GC invocations=323 (full 3):
 garbage-first heap   total 146432K, used 127320K [0x0000000780000000, 0x0000000800000000)
  region size 1024K, 81 young (82944K), 1 survivors (1024K)
 Metaspace       used 16014K, capacity 16420K, committed 16896K, reserved 1064960K
  class space    used 1768K, capacity 1935K, committed 2048K, reserved 1048576K
}
Event: 6289.909 GC heap after
{Heap after GC invocations=324 (full 3):
 garbage-first heap   total 146432K, used 45400K [0x0000000780000000, 0x0000000800000000)
  region size 1024K, 1 young (1024K), 1 survivors (1024K)
 Metaspace       used 16014K, capacity 16420K, committed 16896K, reserved 1064960K
  class space    used 1768K, capacity 1935K, committed 2048K, reserved 1048576K
}
Event: 6290.098 GC heap before
{Heap before GC invocations=324 (full 3):
 garbage-first heap   total 146432K, used 127320K [0x0000000780000000, 0x0000000800000000)
  region size 1024K, 81 young (82944K), 1 survivors (1024K)
 Metaspace       used 16014K, capacity 16420K, committed 16896K, reserved 1064960K
  class space    used 1768K, capacity 1935K, committed 2048K, reserved 1048576K
}
Event: 6290.098 GC heap after
{Heap after GC invocations=325 (full 3):
 garbage-first heap   total 146432K, used 45400K [0x0000000780000000, 0x0000000800000000)
  region size 1024K, 1 young (1024K), 1 survivors (1024K)
 Metaspace       used 16014K, capacity 16420K, committed 16896K, reserved 1064960K
  class space    used 1768K, capacity 1935K, committed 2048K, reserved 1048576K
}
Event: 6290.283 GC heap before
{Heap before GC invocations=325 (full 3):
 garbage-first heap   total 146432K, used 127320K [0x0000000780000000, 0x0000000800000000)
  region size 1024K, 81 young (82944K), 1 survivors (1024K)
 Metaspace       used 16014K, capacity 16420K, committed 16896K, reserved 1064960K
  class space    used 1768K, capacity 1935K, committed 2048K, reserved 1048576K
}
Event: 6290.283 GC heap after
{Heap after GC invocations=326 (full 3):
 garbage-first heap   total 146432K, used 45400K [0x0000000780000000, 0x0000000800000000)
  region size 1024K, 1 young (1024K), 1 survivors (1024K)
 Metaspace       used 16014K, capacity 16420K, committed 16896K, reserved 1064960K
  class space    used 1768K, capacity 1935K, committed 2048K, reserved 1048576K
}

