# JRE version: OpenJDK Runtime Environment (Zulu11.37+17-CA) (11.0.6+10) (build 11.0.6+10-LTS)
# Java VM: OpenJDK 64-Bit Server VM (11.0.6+10-LTS, mixed mode, tiered, compressed oops, g1 gc, bsd-amd64)
Heap:
 garbage-first heap   total 27648K, used 7229K [0x0000000780000000, 0x0000000800000000)
  region size 1024K, 2 young (2048K), 1 survivors (1024K)
 Metaspace       used 13488K, capacity 13818K, committed 13952K, reserved 1060864K
  class space    used 1467K, capacity 1599K, committed 1664K, reserved 1048576K
GC Heap History (8 events):
Event: 91.697 GC heap before
{Heap before GC invocations=0 (full 0):
 garbage-first heap   total 262144K, used 21504K [0x0000000780000000, 0x0000000800000000)
  region size 1024K, 19 young (19456K), 0 survivors (0K)
 Metaspace       used 13431K, capacity 13818K, committed 13952K, reserved 1060864K
  class space    used 1454K, capacity 1599K, committed 1664K, reserved 1048576K
}
Event: 91.706 GC heap after
{Heap after GC invocations=1 (full 1):
 garbage-first heap   total 34816K, used 7117K [0x0000000780000000, 0x0000000800000000)
  region size 1024K, 0 young (0K), 0 survivors (0K)
 Metaspace       used 13431K, capacity 13818K, committed 13952K, reserved 1060864K
  class space    used 1454K, capacity 1599K, committed 1664K, reserved 1048576K
}
Event: 91.706 GC heap before
{Heap before GC invocations=1 (full 1):
 garbage-first heap   total 34816K, used 7117K [0x0000000780000000, 0x0000000800000000)
  region size 1024K, 0 young (0K), 0 survivors (0K)
 Metaspace       used 13431K, capacity 13818K, committed 13952K, reserved 1060864K
  class space    used 1454K, capacity 1599K, committed 1664K, reserved 1048576K
}
Event: 91.713 GC heap after
{Heap after GC invocations=2 (full 2):
 garbage-first heap   total 27648K, used 7117K [0x0000000780000000, 0x0000000800000000)
  region size 1024K, 0 young (0K), 0 survivors (0K)
 Metaspace       used 13431K, capacity 13818K, committed 13952K, reserved 1060864K
  class space    used 1454K, capacity 1599K, committed 1664K, reserved 1048576K
}
Event: 91.713 GC heap before
{Heap before GC invocations=2 (full 2):
 garbage-first heap   total 27648K, used 7117K [0x0000000780000000, 0x0000000800000000)
  region size 1024K, 1 young (1024K), 0 survivors (0K)
 Metaspace       used 13431K, capacity 13818K, committed 13952K, reserved 1060864K
  class space    used 1454K, capacity 1599K, committed 1664K, reserved 1048576K
}
Event: 91.719 GC heap after
{Heap after GC invocations=3 (full 3):
 garbage-first heap   total 27648K, used 7117K [0x0000000780000000, 0x0000000800000000)
  region size 1024K, 0 young (0K), 0 survivors (0K)
 Metaspace       used 13431K, capacity 13818K, committed 13952K, reserved 1060864K
  class space    used 1454K, capacity 1599K, committed 1664K, reserved 1048576K
}
Event: 9164.330 GC heap before
{Heap before GC invocations=3 (full 3):
 garbage-first heap   total 27648K, used 15309K [0x0000000780000000, 0x0000000800000000)
  region size 1024K, 8 young (8192K), 0 survivors (0K)
 Metaspace       used 13488K, capacity 13818K, committed 13952K, reserved 1060864K
  class space    used 1467K, capacity 1599K, committed 1664K, reserved 1048576K
}
Event: 9164.335 GC heap after
{Heap after GC invocations=4 (full 3):
 garbage-first heap   total 27648K, used 7229K [0x0000000780000000, 0x0000000800000000)
  region size 1024K, 1 young (1024K), 1 survivors (1024K)
 Metaspace       used 13488K, capacity 13818K, committed 13952K, reserved 1060864K
  class space    used 1467K, capacity 1599K, committed 1664K, reserved 1048576K
}

