# JRE version: OpenJDK Runtime Environment Zulu11.54+23-CA (11.0.14+9) (build 11.0.14+9-LTS)
# Java VM: OpenJDK 64-Bit Server VM Zulu11.54+23-CA (11.0.14+9-LTS, mixed mode, tiered, compressed oops, g1 gc, bsd-amd64)
Heap:
 garbage-first heap   total 17408K, used 4637K [0x0000000780000000, 0x0000000800000000)
  region size 1024K, 1 young (1024K), 0 survivors (0K)
 Metaspace       used 8390K, capacity 8609K, committed 9216K, reserved 1056768K
  class space    used 817K, capacity 910K, committed 1024K, reserved 1048576K
GC Heap History (20 events):
Event: 634.081 GC heap before
{Heap before GC invocations=106 (full 5):
 garbage-first heap   total 143360K, used 120826K [0x0000000780000000, 0x0000000800000000)
  region size 1024K, 84 young (86016K), 1 survivors (1024K)
 Metaspace       used 8533K, capacity 8852K, committed 9216K, reserved 1056768K
  class space    used 827K, capacity 952K, committed 1024K, reserved 1048576K
}
Event: 634.082 GC heap after
{Heap after GC invocations=107 (full 5):
 garbage-first heap   total 143360K, used 15355K [0x0000000780000000, 0x0000000800000000)
  region size 1024K, 1 young (1024K), 1 survivors (1024K)
 Metaspace       used 8533K, capacity 8852K, committed 9216K, reserved 1056768K
  class space    used 827K, capacity 952K, committed 1024K, reserved 1048576K
}
Event: 634.279 GC heap before
{Heap before GC invocations=107 (full 5):
 garbage-first heap   total 143360K, used 100347K [0x0000000780000000, 0x0000000800000000)
  region size 1024K, 84 young (86016K), 1 survivors (1024K)
 Metaspace       used 8533K, capacity 8852K, committed 9216K, reserved 1056768K
  class space    used 827K, capacity 952K, committed 1024K, reserved 1048576K
}
Event: 634.280 GC heap after
{Heap after GC invocations=108 (full 5):
 garbage-first heap   total 143360K, used 15355K [0x0000000780000000, 0x0000000800000000)
  region size 1024K, 1 young (1024K), 1 survivors (1024K)
 Metaspace       used 8533K, capacity 8852K, committed 9216K, reserved 1056768K
  class space    used 827K, capacity 952K, committed 1024K, reserved 1048576K
}
Event: 634.424 GC heap before
{Heap before GC invocations=108 (full 5):
 garbage-first heap   total 143360K, used 100347K [0x0000000780000000, 0x0000000800000000)
  region size 1024K, 84 young (86016K), 1 survivors (1024K)
 Metaspace       used 8533K, capacity 8852K, committed 9216K, reserved 1056768K
  class space    used 827K, capacity 952K, committed 1024K, reserved 1048576K
}
Event: 634.425 GC heap after
{Heap after GC invocations=109 (full 5):
 garbage-first heap   total 143360K, used 15356K [0x0000000780000000, 0x0000000800000000)
  region size 1024K, 1 young (1024K), 1 survivors (1024K)
 Metaspace       used 8533K, capacity 8852K, committed 9216K, reserved 1056768K
  class space    used 827K, capacity 952K, committed 1024K, reserved 1048576K
}
Event: 634.613 GC heap before
{Heap before GC invocations=109 (full 5):
 garbage-first heap   total 143360K, used 100348K [0x0000000780000000, 0x0000000800000000)
  region size 1024K, 84 young (86016K), 1 survivors (1024K)
 Metaspace       used 8534K, capacity 8852K, committed 9216K, reserved 1056768K
  class space    used 827K, capacity 952K, committed 1024K, reserved 1048576K
}
Event: 634.614 GC heap after
{Heap after GC invocations=110 (full 5):
 garbage-first heap   total 143360K, used 15356K [0x0000000780000000, 0x0000000800000000)
  region size 1024K, 1 young (1024K), 1 survivors (1024K)
 Metaspace       used 8534K, capacity 8852K, committed 9216K, reserved 1056768K
  class space    used 827K, capacity 952K, committed 1024K, reserved 1048576K
}
Event: 639.235 GC heap before
{Heap before GC invocations=110 (full 5):
 garbage-first heap   total 143360K, used 107516K [0x0000000780000000, 0x0000000800000000)
  region size 1024K, 47 young (48128K), 1 survivors (1024K)
 Metaspace       used 8540K, capacity 8858K, committed 9216K, reserved 1056768K
  class space    used 828K, capacity 953K, committed 1024K, reserved 1048576K
}
Event: 639.236 GC heap after
{Heap after GC invocations=111 (full 5):
 garbage-first heap   total 143360K, used 10032K [0x0000000780000000, 0x0000000800000000)
  region size 1024K, 1 young (1024K), 1 survivors (1024K)
 Metaspace       used 8540K, capacity 8858K, committed 9216K, reserved 1056768K
  class space    used 828K, capacity 953K, committed 1024K, reserved 1048576K
}
Event: 748.235 GC heap before
{Heap before GC invocations=112 (full 5):
 garbage-first heap   total 143360K, used 68400K [0x0000000780000000, 0x0000000800000000)
  region size 1024K, 19 young (19456K), 1 survivors (1024K)
 Metaspace       used 8543K, capacity 8858K, committed 9216K, reserved 1056768K
  class space    used 828K, capacity 953K, committed 1024K, reserved 1048576K
}
Event: 748.259 GC heap after
{Heap after GC invocations=113 (full 6):
 garbage-first heap   total 20480K, used 4637K [0x0000000780000000, 0x0000000800000000)
  region size 1024K, 0 young (0K), 0 survivors (0K)
 Metaspace       used 8390K, capacity 8609K, committed 9216K, reserved 1056768K
  class space    used 817K, capacity 910K, committed 1024K, reserved 1048576K
}
Event: 748.259 GC heap before
{Heap before GC invocations=113 (full 6):
 garbage-first heap   total 20480K, used 4637K [0x0000000780000000, 0x0000000800000000)
  region size 1024K, 0 young (0K), 0 survivors (0K)
 Metaspace       used 8390K, capacity 8609K, committed 9216K, reserved 1056768K
  class space    used 817K, capacity 910K, committed 1024K, reserved 1048576K
}
Event: 748.265 GC heap after
{Heap after GC invocations=114 (full 7):
 garbage-first heap   total 17408K, used 4637K [0x0000000780000000, 0x0000000800000000)
  region size 1024K, 0 young (0K), 0 survivors (0K)
 Metaspace       used 8390K, capacity 8609K, committed 9216K, reserved 1056768K
  class space    used 817K, capacity 910K, committed 1024K, reserved 1048576K
}
Event: 748.266 GC heap before
{Heap before GC invocations=114 (full 7):
 garbage-first heap   total 17408K, used 4637K [0x0000000780000000, 0x0000000800000000)
  region size 1024K, 0 young (0K), 0 survivors (0K)
 Metaspace       used 8390K, capacity 8609K, committed 9216K, reserved 1056768K
  class space    used 817K, capacity 910K, committed 1024K, reserved 1048576K
}
Event: 748.275 GC heap after
{Heap after GC invocations=115 (full 8):
 garbage-first heap   total 17408K, used 4637K [0x0000000780000000, 0x0000000800000000)
  region size 1024K, 0 young (0K), 0 survivors (0K)
 Metaspace       used 8390K, capacity 8609K, committed 9216K, reserved 1056768K
  class space    used 817K, capacity 910K, committed 1024K, reserved 1048576K
}
Event: 940.516 GC heap before
{Heap before GC invocations=115 (full 8):
 garbage-first heap   total 17408K, used 4637K [0x0000000780000000, 0x0000000800000000)
  region size 1024K, 1 young (1024K), 0 survivors (0K)
 Metaspace       used 8390K, capacity 8609K, committed 9216K, reserved 1056768K
  class space    used 817K, capacity 910K, committed 1024K, reserved 1048576K
}
Event: 940.527 GC heap after
{Heap after GC invocations=116 (full 9):
 garbage-first heap   total 17408K, used 4637K [0x0000000780000000, 0x0000000800000000)
  region size 1024K, 0 young (0K), 0 survivors (0K)
 Metaspace       used 8390K, capacity 8609K, committed 9216K, reserved 1056768K
  class space    used 817K, capacity 910K, committed 1024K, reserved 1048576K
}
Event: 943.101 GC heap before
{Heap before GC invocations=116 (full 9):
 garbage-first heap   total 17408K, used 4637K [0x0000000780000000, 0x0000000800000000)
  region size 1024K, 1 young (1024K), 0 survivors (0K)
 Metaspace       used 8390K, capacity 8609K, committed 9216K, reserved 1056768K
  class space    used 817K, capacity 910K, committed 1024K, reserved 1048576K
}
Event: 943.112 GC heap after
{Heap after GC invocations=117 (full 10):
 garbage-first heap   total 17408K, used 4637K [0x0000000780000000, 0x0000000800000000)
  region size 1024K, 0 young (0K), 0 survivors (0K)
 Metaspace       used 8390K, capacity 8609K, committed 9216K, reserved 1056768K
  class space    used 817K, capacity 910K, committed 1024K, reserved 1048576K
}

